mkdir: kann Verzeichnis „../systems“ nicht anlegen: Die Datei existiert bereits
mkdir: kann Verzeichnis „../systems/GIZA_nc20000“ nicht anlegen: Die Datei existiert bereits
=== 1/5 Counting and sorting n-grams ===
Reading /home/students/haas1/hadoop/align/corpora/nc20000.en
----5---10---15---20---25---30---35---40---45---50---55---60---65---70---75---80---85---90---95--100
****************************************************************************************************
=== 2/5 Calculating and sorting adjusted counts ===
Chain sizes: 1:279216 2:653628480 3:1225553408 4:1960885376 5:2859624704
Statistics:
1 23268 D1=0.604534 D2=0.971382 D3+=1.48049
2 198732 D1=0.771143 D2=1.10972 D3+=1.45345
3 382778 D1=0.890959 D2=1.24623 D3+=1.36895
4 452183 D1=0.956775 D2=1.37343 D3+=1.52409
5 458919 D1=0.976612 D2=1.51269 D3+=1.57198
Memory estimate for binary LM:
type       kB
probing 32884 assuming -p 1.5
probing 39032 assuming -r models -p 1.5
trie    15362 without quantization
trie     8150 assuming -q 8 -b 8 quantization 
trie    13879 assuming -a 22 array pointer compression
trie     6667 assuming -a 22 -q 8 -b 8 array pointer compression and quantization
=== 3/5 Calculating and sorting initial probabilities ===
Chain sizes: 1:279216 2:3179712 3:7655560 4:10852392 5:12849732
=== 4/5 Calculating and writing order-interpolated probabilities ===
Chain sizes: 1:279216 2:3179712 3:7655560 4:10852392 5:12849732
Chain sizes: 1:279216 2:3179712 3:7655560 4:10852392 5:12849732
=== 5/5 Writing ARPA model ===
Name:lmplz	VmPeak:6916424 kB	VmRSS:36772 kB	RSSMax:1184900 kB	user:3.56822	sys:0.580036	CPU:4.14826	real:3
Reading ../systems/GIZA_nc20000/lm.arpa
----5---10---15---20---25---30---35---40---45---50---55---60---65---70---75---80---85---90---95--100
****************************************************************************************************
SUCCESS
Using SCRIPTS_ROOTDIR: /home/students/haas1/mosesdecoder/scripts
Using single-thread GIZA
(1) preparing corpus @ Tue Oct  1 16:14:55 CEST 2013
Executing: mkdir -p /home/students/haas1/hadoop/align/scripts/../systems/GIZA_nc20000/corpus
(1.0) selecting factors @ Tue Oct  1 16:14:55 CEST 2013
(1.1) running mkcls  @ Tue Oct  1 16:14:55 CEST 2013
/home/students/haas1/hadoop/align/scripts/../../../mosesdecoder/tools/mkcls -c50 -n2 -p/home/students/haas1/hadoop/align/scripts/../corpora/nc20000.de -V/home/students/haas1/hadoop/align/scripts/../systems/GIZA_nc20000/corpus/de.vcb.classes opt
  /home/students/haas1/hadoop/align/scripts/../systems/GIZA_nc20000/corpus/de.vcb.classes already in place, reusing
(1.1) running mkcls  @ Tue Oct  1 16:14:55 CEST 2013
/home/students/haas1/hadoop/align/scripts/../../../mosesdecoder/tools/mkcls -c50 -n2 -p/home/students/haas1/hadoop/align/scripts/../corpora/nc20000.en -V/home/students/haas1/hadoop/align/scripts/../systems/GIZA_nc20000/corpus/en.vcb.classes opt
Executing: /home/students/haas1/hadoop/align/scripts/../../../mosesdecoder/tools/mkcls -c50 -n2 -p/home/students/haas1/hadoop/align/scripts/../corpora/nc20000.en -V/home/students/haas1/hadoop/align/scripts/../systems/GIZA_nc20000/corpus/en.vcb.classes opt
ERROR: Execution of: /home/students/haas1/hadoop/align/scripts/../../../mosesdecoder/tools/mkcls -c50 -n2 -p/home/students/haas1/hadoop/align/scripts/../corpora/nc20000.en -V/home/students/haas1/hadoop/align/scripts/../systems/GIZA_nc20000/corpus/en.vcb.classes opt
  died with signal 15, without coredump
Can't read ../systems/GIZA_nc20000/model/moses.ini
Use of uninitialized value $length_reference in numeric eq (==) at ../../../mosesdecoder//scripts/generic/multi-bleu.perl line 132.
